2013/11/30 22:44:45 INFO  - jmeter.util.JMeterUtils: Setting Locale to en_US 
2013/11/30 22:44:45 INFO  - jmeter.JMeter: Loading user properties from: C:\apache-jmeter-2.10\bin\user.properties 
2013/11/30 22:44:45 INFO  - jmeter.JMeter: Loading system properties from: C:\apache-jmeter-2.10\bin\system.properties 
2013/11/30 22:44:45 INFO  - jmeter.JMeter: Copyright (c) 1998-2013 The Apache Software Foundation 
2013/11/30 22:44:45 INFO  - jmeter.JMeter: Version 2.10 r1533061 
2013/11/30 22:44:45 INFO  - jmeter.JMeter: java.version=1.7.0_40 
2013/11/30 22:44:45 INFO  - jmeter.JMeter: java.vm.name=Java HotSpot(TM) 64-Bit Server VM 
2013/11/30 22:44:45 INFO  - jmeter.JMeter: os.name=Windows 7 
2013/11/30 22:44:45 INFO  - jmeter.JMeter: os.arch=amd64 
2013/11/30 22:44:45 INFO  - jmeter.JMeter: os.version=6.1 
2013/11/30 22:44:45 INFO  - jmeter.JMeter: file.encoding=Cp1252 
2013/11/30 22:44:45 INFO  - jmeter.JMeter: Default Locale=English (United States) 
2013/11/30 22:44:45 INFO  - jmeter.JMeter: JMeter  Locale=English (United States) 
2013/11/30 22:44:45 INFO  - jmeter.JMeter: JMeterHome=C:\apache-jmeter-2.10 
2013/11/30 22:44:45 INFO  - jmeter.JMeter: user.dir  =C:\Users\Josue\Documents\NetBeansProjects\Repository\DevTech 
2013/11/30 22:44:45 INFO  - jmeter.JMeter: PWD       =C:\Users\Josue\Documents\NetBeansProjects\Repository\DevTech 
2013/11/30 22:44:45 INFO  - jmeter.JMeter: IP: 192.168.0.10 Name: Josue-PC FullName: Josue-PC 
2013/11/30 22:44:45 INFO  - jmeter.JMeter: Loaded icon properties from org/apache/jmeter/images/icon.properties 
2013/11/30 22:44:47 INFO  - jmeter.engine.util.CompoundVariable: Note: Function class names must contain the string: '.functions.' 
2013/11/30 22:44:47 INFO  - jmeter.engine.util.CompoundVariable: Note: Function class names must not contain the string: '.gui.' 
2013/11/30 22:44:47 INFO  - jmeter.gui.action.LookAndFeelCommand: Using look and feel: javax.swing.plaf.metal.MetalLookAndFeel [Metal, CrossPlatform] 
2013/11/30 22:44:48 INFO  - jmeter.util.BSFTestElement: Registering JMeter version of JavaScript engine as work-round for BSF-22 
2013/11/30 22:44:48 INFO  - jmeter.protocol.http.sampler.HTTPSamplerBase: Cannot find .className property for htmlParser, using default 
2013/11/30 22:44:48 INFO  - jmeter.protocol.http.sampler.HTTPSamplerBase: Parser for text/html is  
2013/11/30 22:44:48 INFO  - jmeter.protocol.http.sampler.HTTPSamplerBase: Parser for application/xhtml+xml is  
2013/11/30 22:44:48 INFO  - jmeter.protocol.http.sampler.HTTPSamplerBase: Parser for application/xml is  
2013/11/30 22:44:48 INFO  - jmeter.protocol.http.sampler.HTTPSamplerBase: Parser for text/xml is  
2013/11/30 22:44:48 INFO  - jmeter.protocol.http.sampler.HTTPSamplerBase: Parser for text/vnd.wap.wml is org.apache.jmeter.protocol.http.parser.RegexpHTMLParser 
2013/11/30 22:44:48 INFO  - jmeter.gui.util.MenuFactory: Skipping org.apache.jmeter.protocol.http.control.gui.WebServiceSamplerGui 
2013/11/30 22:44:48 INFO  - jmeter.gui.util.MenuFactory: Skipping org.apache.jmeter.protocol.http.modifier.gui.ParamModifierGui 
2013/11/30 22:44:48 INFO  - jmeter.protocol.http.proxy.ProxyControl: HTTP(S) Test Script Recorder SSL Proxy will use keys that support embedded 3rd party resources in file C:\apache-jmeter-2.10\bin\proxyserver.jks 
2013/11/30 22:44:49 INFO  - jmeter.samplers.SampleResult: Note: Sample TimeStamps are START times 
2013/11/30 22:44:49 INFO  - jmeter.samplers.SampleResult: sampleresult.default.encoding is set to ISO-8859-1 
2013/11/30 22:44:49 INFO  - jmeter.samplers.SampleResult: sampleresult.useNanoTime=true 
2013/11/30 22:44:49 INFO  - jmeter.samplers.SampleResult: sampleresult.nanoThreadSleep=5000 
2013/11/30 22:45:01 INFO  - jmeter.services.FileServer: Default base='C:\Users\Josue\Documents\NetBeansProjects\Repository\DevTech' 
2013/11/30 22:45:01 INFO  - jmeter.gui.action.Load: Loading file: C:\Users\Josue\Documents\NetBeansProjects\Repository\DevTech\SpringSecurity\Test Plan.jmx 
2013/11/30 22:45:01 INFO  - jmeter.services.FileServer: Set new base='C:\Users\Josue\Documents\NetBeansProjects\Repository\DevTech\SpringSecurity' 
2013/11/30 22:45:01 INFO  - jmeter.save.SaveService: Testplan (JMX) version: 2.2. Testlog (JTL) version: 2.2 
2013/11/30 22:45:01 INFO  - jmeter.save.SaveService: Using SaveService properties file encoding UTF-8 
2013/11/30 22:45:01 INFO  - jmeter.save.SaveService: Using SaveService properties version 2.5 
2013/11/30 22:45:01 INFO  - jmeter.save.SaveService: Using SaveService properties file version 1519088 
2013/11/30 22:45:01 INFO  - jmeter.save.SaveService: All converter versions present and correct 
2013/11/30 22:45:02 INFO  - jmeter.services.FileServer: Set new base='C:\Users\Josue\Documents\NetBeansProjects\Repository\DevTech\SpringSecurity' 
2013/11/30 22:45:05 INFO  - jmeter.engine.StandardJMeterEngine: Listeners will be started after enabling running version 
2013/11/30 22:45:05 INFO  - jmeter.engine.StandardJMeterEngine: To revert to the earlier behaviour, define jmeterengine.startlistenerslater=false 
2013/11/30 22:45:05 INFO  - jmeter.engine.StandardJMeterEngine: Running the test! 
2013/11/30 22:45:05 INFO  - jmeter.samplers.SampleEvent: List of sample_variables: [] 
2013/11/30 22:45:05 INFO  - jmeter.samplers.SampleEvent: List of sample_variables: [] 
2013/11/30 22:45:05 INFO  - jmeter.gui.util.JMeterMenuBar: setRunning(true,*local*) 
2013/11/30 22:45:05 INFO  - jmeter.engine.StandardJMeterEngine: Starting ThreadGroup: 1 : Get Secured 
2013/11/30 22:45:05 INFO  - jmeter.engine.StandardJMeterEngine: Starting 1 threads for group Get Secured. 
2013/11/30 22:45:05 INFO  - jmeter.engine.StandardJMeterEngine: Thread will continue on error 
2013/11/30 22:45:05 INFO  - jmeter.threads.ThreadGroup: Starting thread group number 1 threads 1 ramp-up 1 perThread 1000.0 delayedStart=false 
2013/11/30 22:45:05 INFO  - jmeter.threads.JMeterThread: jmeterthread.startearlier=true (see jmeter.properties) 
2013/11/30 22:45:05 INFO  - jmeter.threads.JMeterThread: Running PostProcessors in forward order 
2013/11/30 22:45:05 INFO  - jmeter.threads.ThreadGroup: Started thread group number 1 
2013/11/30 22:45:05 INFO  - jmeter.engine.StandardJMeterEngine: All thread groups have been started 
2013/11/30 22:45:05 INFO  - jmeter.threads.JMeterThread: Thread started: Get Secured 1-1 
2013/11/30 22:45:05 INFO  - jmeter.protocol.http.sampler.HTTPHCAbstractImpl: Local host = Josue-PC 
2013/11/30 22:45:05 INFO  - jmeter.protocol.http.sampler.HTTPHC3Impl: HTTP request retry count = 0 
2013/11/30 22:45:05 INFO  - jmeter.threads.JMeterThread: Thread finished: Get Secured 1-1 
2013/11/30 22:45:05 INFO  - jmeter.engine.StandardJMeterEngine: Notifying test listeners of end of test 
2013/11/30 22:45:05 INFO  - jmeter.gui.util.JMeterMenuBar: setRunning(false,*local*) 
2013/11/30 22:45:58 INFO  - jmeter.engine.StandardJMeterEngine: Running the test! 
2013/11/30 22:45:58 INFO  - jmeter.samplers.SampleEvent: List of sample_variables: [] 
2013/11/30 22:45:58 INFO  - jmeter.gui.util.JMeterMenuBar: setRunning(true,*local*) 
2013/11/30 22:45:58 INFO  - jmeter.engine.StandardJMeterEngine: Starting ThreadGroup: 1 : Get Secured 
2013/11/30 22:45:58 INFO  - jmeter.engine.StandardJMeterEngine: Starting 1 threads for group Get Secured. 
2013/11/30 22:45:58 INFO  - jmeter.engine.StandardJMeterEngine: Thread will continue on error 
2013/11/30 22:45:58 INFO  - jmeter.threads.ThreadGroup: Starting thread group number 1 threads 1 ramp-up 1 perThread 1000.0 delayedStart=false 
2013/11/30 22:45:58 INFO  - jmeter.threads.ThreadGroup: Started thread group number 1 
2013/11/30 22:45:58 INFO  - jmeter.engine.StandardJMeterEngine: All thread groups have been started 
2013/11/30 22:45:58 INFO  - jmeter.threads.JMeterThread: Thread started: Get Secured 1-1 
2013/11/30 22:45:58 INFO  - jmeter.threads.JMeterThread: Thread finished: Get Secured 1-1 
2013/11/30 22:45:58 INFO  - jmeter.engine.StandardJMeterEngine: Notifying test listeners of end of test 
2013/11/30 22:45:58 INFO  - jmeter.gui.util.JMeterMenuBar: setRunning(false,*local*) 
2013/11/30 22:49:32 INFO  - jmeter.engine.StandardJMeterEngine: Running the test! 
2013/11/30 22:49:32 INFO  - jmeter.samplers.SampleEvent: List of sample_variables: [] 
2013/11/30 22:49:32 INFO  - jmeter.gui.util.JMeterMenuBar: setRunning(true,*local*) 
2013/11/30 22:49:32 INFO  - jmeter.engine.StandardJMeterEngine: Starting ThreadGroup: 1 : Get Secured 
2013/11/30 22:49:32 INFO  - jmeter.engine.StandardJMeterEngine: Starting 1 threads for group Get Secured. 
2013/11/30 22:49:32 INFO  - jmeter.engine.StandardJMeterEngine: Thread will continue on error 
2013/11/30 22:49:32 INFO  - jmeter.threads.ThreadGroup: Starting thread group number 1 threads 1 ramp-up 1 perThread 1000.0 delayedStart=false 
2013/11/30 22:49:32 INFO  - jmeter.threads.ThreadGroup: Started thread group number 1 
2013/11/30 22:49:32 INFO  - jmeter.engine.StandardJMeterEngine: All thread groups have been started 
2013/11/30 22:49:32 INFO  - jmeter.threads.JMeterThread: Thread started: Get Secured 1-1 
2013/11/30 22:49:33 INFO  - org.apache.commons.httpclient.auth.AuthChallengeProcessor: basic authentication scheme selected 
2013/11/30 22:49:33 INFO  - org.apache.commons.httpclient.HttpMethodDirector: Failure authenticating with BASIC 'Spring Security Application'@localhost:8080 
2013/11/30 22:49:33 INFO  - jmeter.threads.JMeterThread: Thread finished: Get Secured 1-1 
2013/11/30 22:49:33 INFO  - jmeter.engine.StandardJMeterEngine: Notifying test listeners of end of test 
2013/11/30 22:49:33 INFO  - jmeter.gui.util.JMeterMenuBar: setRunning(false,*local*) 
2013/11/30 23:20:56 INFO  - jmeter.engine.StandardJMeterEngine: Running the test! 
2013/11/30 23:20:56 INFO  - jmeter.samplers.SampleEvent: List of sample_variables: [] 
2013/11/30 23:20:56 INFO  - jmeter.gui.util.JMeterMenuBar: setRunning(true,*local*) 
2013/11/30 23:20:56 INFO  - jmeter.engine.StandardJMeterEngine: Starting ThreadGroup: 1 : Get Secured 
2013/11/30 23:20:56 INFO  - jmeter.engine.StandardJMeterEngine: Starting 1 threads for group Get Secured. 
2013/11/30 23:20:56 INFO  - jmeter.engine.StandardJMeterEngine: Thread will continue on error 
2013/11/30 23:20:56 INFO  - jmeter.threads.ThreadGroup: Starting thread group number 1 threads 1 ramp-up 1 perThread 1000.0 delayedStart=false 
2013/11/30 23:20:56 INFO  - jmeter.threads.ThreadGroup: Started thread group number 1 
2013/11/30 23:20:56 INFO  - jmeter.engine.StandardJMeterEngine: All thread groups have been started 
2013/11/30 23:20:56 INFO  - jmeter.threads.JMeterThread: Thread started: Get Secured 1-1 
2013/11/30 23:20:57 INFO  - org.apache.commons.httpclient.auth.AuthChallengeProcessor: basic authentication scheme selected 
2013/11/30 23:20:57 INFO  - org.apache.commons.httpclient.HttpMethodDirector: Failure authenticating with BASIC 'Spring Security Application'@localhost:8080 
2013/11/30 23:20:57 INFO  - jmeter.threads.JMeterThread: Thread finished: Get Secured 1-1 
2013/11/30 23:20:57 INFO  - jmeter.engine.StandardJMeterEngine: Notifying test listeners of end of test 
2013/11/30 23:20:57 INFO  - jmeter.gui.util.JMeterMenuBar: setRunning(false,*local*) 
2013/11/30 23:21:46 INFO  - jmeter.engine.StandardJMeterEngine: Running the test! 
2013/11/30 23:21:46 INFO  - jmeter.samplers.SampleEvent: List of sample_variables: [] 
2013/11/30 23:21:46 INFO  - jmeter.gui.util.JMeterMenuBar: setRunning(true,*local*) 
2013/11/30 23:21:46 INFO  - jmeter.engine.StandardJMeterEngine: Starting ThreadGroup: 1 : Get Secured 
2013/11/30 23:21:46 INFO  - jmeter.engine.StandardJMeterEngine: Starting 1 threads for group Get Secured. 
2013/11/30 23:21:46 INFO  - jmeter.engine.StandardJMeterEngine: Thread will continue on error 
2013/11/30 23:21:46 INFO  - jmeter.threads.ThreadGroup: Starting thread group number 1 threads 1 ramp-up 1 perThread 1000.0 delayedStart=false 
2013/11/30 23:21:46 INFO  - jmeter.threads.ThreadGroup: Started thread group number 1 
2013/11/30 23:21:46 INFO  - jmeter.engine.StandardJMeterEngine: All thread groups have been started 
2013/11/30 23:21:46 INFO  - jmeter.threads.JMeterThread: Thread started: Get Secured 1-1 
2013/11/30 23:22:10 INFO  - jmeter.threads.JMeterThread: Thread finished: Get Secured 1-1 
2013/11/30 23:22:10 INFO  - jmeter.engine.StandardJMeterEngine: Notifying test listeners of end of test 
2013/11/30 23:22:10 INFO  - jmeter.gui.util.JMeterMenuBar: setRunning(false,*local*) 
